<?xml version="1.0" encoding="UTF-8"?>
<testng-results skipped="0" failed="0" ignored="0" total="1" passed="1">
  <reporter-output>
  </reporter-output>
  <suite name="testNGLearning" duration-ms="21868" started-at="2018-01-17T11:33:07Z" finished-at="2018-01-17T11:33:29Z">
    <groups>
    </groups>
    <test name="simpleTest" duration-ms="21868" started-at="2018-01-17T11:33:07Z" finished-at="2018-01-17T11:33:29Z">
      <class name="com.testpages.T0testcases">
        <test-method status="PASS" signature="initializeTestBaseSetup(java.lang.String, java.lang.String)[pri:0, instance:com.testpages.T0testcases@4b952a2d]" name="initializeTestBaseSetup" is-config="true" duration-ms="15660" started-at="2018-01-17T17:03:07Z" finished-at="2018-01-17T17:03:23Z">
          <params>
            <param index="0">
              <value>
                <![CDATA[chrome]]>
              </value>
            </param>
            <param index="1">
              <value>
                <![CDATA[https://dev2-cctv.ajilonservices.com.au]]>
              </value>
            </param>
          </params>
          <reporter-output>
          </reporter-output>
        </test-method> <!-- initializeTestBaseSetup -->
        <test-method status="PASS" signature="editt0test()[pri:1, instance:com.testpages.T0testcases@4b952a2d]" name="editt0test" duration-ms="6190" started-at="2018-01-17T17:03:23Z" finished-at="2018-01-17T17:03:29Z">
          <reporter-output>
          </reporter-output>
        </test-method> <!-- editt0test -->
      </class> <!-- com.testpages.T0testcases -->
    </test> <!-- simpleTest -->
  </suite> <!-- testNGLearning -->
</testng-results>
