<?xml version="1.0" encoding="UTF-8"?>
<!-- Generated by org.testng.reporters.JUnitXMLReporter -->
<testsuite hostname="BLRRIDGWD22231" ignored="0" name="Default test" tests="6" failures="0" timestamp="17 Jan 2018 06:38:13 GMT" time="0.046" errors="0">
  <testcase name="@BeforeClass initializeTestBaseSetup" time="0.0" classname="com.utils.TestBase">
    <failure type="org.testng.TestNGException" message="
Parameter &amp;apos;browserType&amp;apos; is required by BeforeClass on method initializeTestBaseSetup but has not been marked @Optional or defined
in C:\Users\22231\AppData\Local\Temp\testng-eclipse--1804617762\testng-customsuite.xml">
      <![CDATA[org.testng.TestNGException: Parameter 'browserType' is required by BeforeClass on method initializeTestBaseSetup but has not been marked @Optional or definedin C:\Users\22231\AppData\Local\Temp\testng-eclipse--1804617762\testng-customsuite.xmlat org.testng.internal.Parameters.createParams(Parameters.java:290)at org.testng.internal.Parameters.createParametersForMethod(Parameters.java:359)at org.testng.internal.Parameters.createParameters(Parameters.java:620)at org.testng.internal.Parameters.createConfigurationParameters(Parameters.java:190)at org.testng.internal.Invoker.invokeConfigurations(Invoker.java:209)at org.testng.internal.Invoker.invokeConfigurations(Invoker.java:142)at org.testng.internal.TestMethodWorker.invokeBeforeClassMethods(TestMethodWorker.java:163)at org.testng.internal.TestMethodWorker.run(TestMethodWorker.java:105)at org.testng.TestRunner.privateRun(TestRunner.java:648)at org.testng.TestRunner.run(TestRunner.java:505)at org.testng.SuiteRunner.runTest(SuiteRunner.java:455)at org.testng.SuiteRunner.runSequentially(SuiteRunner.java:450)at org.testng.SuiteRunner.privateRun(SuiteRunner.java:415)at org.testng.SuiteRunner.run(SuiteRunner.java:364)at org.testng.SuiteRunnerWorker.runSuite(SuiteRunnerWorker.java:52)at org.testng.SuiteRunnerWorker.run(SuiteRunnerWorker.java:84)at org.testng.TestNG.runSuitesSequentially(TestNG.java:1187)at org.testng.TestNG.runSuitesLocally(TestNG.java:1116)at org.testng.TestNG.runSuites(TestNG.java:1028)at org.testng.TestNG.run(TestNG.java:996)at org.testng.remote.AbstractRemoteTestNG.run(AbstractRemoteTestNG.java:114)at org.testng.remote.RemoteTestNG.initAndRun(RemoteTestNG.java:251)at org.testng.remote.RemoteTestNG.main(RemoteTestNG.java:77)]]>
    </failure>
  </testcase> <!-- @BeforeClass initializeTestBaseSetup -->
  <testcase name="editt0test" time="0.0" classname="com.testpages.manageuserstest">
    <skipped/>
  </testcase> <!-- editt0test -->
  <testcase name="searchT0users" time="0.0" classname="com.testpages.manageuserstest">
    <skipped/>
  </testcase> <!-- searchT0users -->
  <testcase name="creatingt0user1" time="0.0" classname="com.testpages.manageuserstest">
    <skipped/>
  </testcase> <!-- creatingt0user1 -->
  <testcase name="uploadT2users" time="0.0" classname="com.testpages.manageuserstest">
    <skipped/>
  </testcase> <!-- uploadT2users -->
  <testcase name="creat1T1users" time="0.0" classname="com.testpages.manageuserstest">
    <skipped/>
  </testcase> <!-- creat1T1users -->
  <testcase name="downloadT2uploadTemplate" time="0.0" classname="com.testpages.manageuserstest">
    <skipped/>
  </testcase> <!-- downloadT2uploadTemplate -->
</testsuite> <!-- Default test -->
